2022-10-31 19:56:50.215  INFO 13972 --- [restartedMain] c.b.e.EmployeePayrollApplication         : Starting EmployeePayrollApplication using Java 17.0.4.1 on DESKTOP-3J1FQ19 with PID 13972 (C:\Users\Amruta\BridgeLabsProjects\SpringBoot\employee_payroll\target\classes started by Amruta in C:\Users\Amruta\BridgeLabsProjects\SpringBoot\employee_payroll)
2022-10-31 19:56:50.217 DEBUG 13972 --- [restartedMain] c.b.e.EmployeePayrollApplication         : Running with Spring Boot v2.7.5, Spring v5.3.23
2022-10-31 19:56:50.218  INFO 13972 --- [restartedMain] c.b.e.EmployeePayrollApplication         : No active profile set, falling back to 1 default profile: "default"
2022-10-31 19:56:50.783  WARN 13972 --- [restartedMain] JpaBaseConfiguration$JpaWebConfiguration : spring.jpa.open-in-view is enabled by default. Therefore, database queries may be performed during view rendering. Explicitly configure spring.jpa.open-in-view to disable this warning
2022-10-31 19:56:50.907  INFO 13972 --- [restartedMain] c.b.e.EmployeePayrollApplication         : Started EmployeePayrollApplication in 0.763 seconds (JVM running for 875.326)
2022-10-31 19:56:50.909  INFO 13972 --- [restartedMain] c.b.e.EmployeePayrollApplication         : Employee payroll app is started
2022-10-31 20:01:11.988  INFO 13972 --- [restartedMain] c.b.e.EmployeePayrollApplication         : Starting EmployeePayrollApplication using Java 17.0.4.1 on DESKTOP-3J1FQ19 with PID 13972 (C:\Users\Amruta\BridgeLabsProjects\SpringBoot\employee_payroll\target\classes started by Amruta in C:\Users\Amruta\BridgeLabsProjects\SpringBoot\employee_payroll)
2022-10-31 20:01:11.992 DEBUG 13972 --- [restartedMain] c.b.e.EmployeePayrollApplication         : Running with Spring Boot v2.7.5, Spring v5.3.23
2022-10-31 20:01:11.993  INFO 13972 --- [restartedMain] c.b.e.EmployeePayrollApplication         : No active profile set, falling back to 1 default profile: "default"
2022-10-31 20:01:12.607  WARN 13972 --- [restartedMain] JpaBaseConfiguration$JpaWebConfiguration : spring.jpa.open-in-view is enabled by default. Therefore, database queries may be performed during view rendering. Explicitly configure spring.jpa.open-in-view to disable this warning
2022-10-31 20:01:12.726  INFO 13972 --- [restartedMain] c.b.e.EmployeePayrollApplication         : Started EmployeePayrollApplication in 0.791 seconds (JVM running for 1137.145)
2022-10-31 20:01:12.729  INFO 13972 --- [restartedMain] c.b.e.EmployeePayrollApplication         : Employee payroll app is started
2022-10-31 20:01:36.138  INFO 1480 --- [restartedMain] c.b.e.EmployeePayrollApplication         : Starting EmployeePayrollApplication using Java 17.0.4.1 on DESKTOP-3J1FQ19 with PID 1480 (C:\Users\Amruta\BridgeLabsProjects\SpringBoot\employee_payroll\target\classes started by Amruta in C:\Users\Amruta\BridgeLabsProjects\SpringBoot\employee_payroll)
2022-10-31 20:01:36.142 DEBUG 1480 --- [restartedMain] c.b.e.EmployeePayrollApplication         : Running with Spring Boot v2.7.5, Spring v5.3.23
2022-10-31 20:01:36.143  INFO 1480 --- [restartedMain] c.b.e.EmployeePayrollApplication         : No active profile set, falling back to 1 default profile: "default"
2022-10-31 20:01:41.765  WARN 1480 --- [restartedMain] JpaBaseConfiguration$JpaWebConfiguration : spring.jpa.open-in-view is enabled by default. Therefore, database queries may be performed during view rendering. Explicitly configure spring.jpa.open-in-view to disable this warning
2022-10-31 20:01:42.281  INFO 1480 --- [restartedMain] c.b.e.EmployeePayrollApplication         : Started EmployeePayrollApplication in 6.696 seconds (JVM running for 7.431)
2022-10-31 20:01:42.287  INFO 1480 --- [restartedMain] c.b.e.EmployeePayrollApplication         : Employee payroll app is started
2022-10-31 20:06:58.358  INFO 1480 --- [restartedMain] c.b.e.EmployeePayrollApplication         : Starting EmployeePayrollApplication using Java 17.0.4.1 on DESKTOP-3J1FQ19 with PID 1480 (C:\Users\Amruta\BridgeLabsProjects\SpringBoot\employee_payroll\target\classes started by Amruta in C:\Users\Amruta\BridgeLabsProjects\SpringBoot\employee_payroll)
2022-10-31 20:06:58.359 DEBUG 1480 --- [restartedMain] c.b.e.EmployeePayrollApplication         : Running with Spring Boot v2.7.5, Spring v5.3.23
2022-10-31 20:06:58.360  INFO 1480 --- [restartedMain] c.b.e.EmployeePayrollApplication         : No active profile set, falling back to 1 default profile: "default"
2022-10-31 20:06:59.061  WARN 1480 --- [restartedMain] JpaBaseConfiguration$JpaWebConfiguration : spring.jpa.open-in-view is enabled by default. Therefore, database queries may be performed during view rendering. Explicitly configure spring.jpa.open-in-view to disable this warning
2022-10-31 20:06:59.223  INFO 1480 --- [restartedMain] c.b.e.EmployeePayrollApplication         : Started EmployeePayrollApplication in 0.911 seconds (JVM running for 324.373)
2022-10-31 20:06:59.228  INFO 1480 --- [restartedMain] c.b.e.EmployeePayrollApplication         : Employee payroll app is started
